create schema madlib;
\i sketches_drop.sql
DROP FUNCTION IF EXISTS madlib.big_or(bitmap1 bytea, bitmap2 bytea) CASCADE;
psql:sketches_drop.sql:1: NOTICE:  function madlib.big_or(bytea,bytea) does not exist, skipping
DROP FUNCTION IF EXISTS madlib.__fmsketch_trans(bitmaps bytea, input anyelement) CASCADE;
psql:sketches_drop.sql:2: NOTICE:  function madlib.__fmsketch_trans(bytea,anyelement) does not exist, skipping
DROP FUNCTION IF EXISTS madlib.__fmsketch_count_distinct(bitmaps bytea) CASCADE;
psql:sketches_drop.sql:3: NOTICE:  function madlib.__fmsketch_count_distinct(bytea) does not exist, skipping
DROP FUNCTION IF EXISTS madlib.__fmsketch_merge(bitmaps1 bytea, bitmaps2 bytea) CASCADE;
psql:sketches_drop.sql:4: NOTICE:  function madlib.__fmsketch_merge(bytea,bytea) does not exist, skipping
DROP AGGREGATE IF EXISTS madlib.fmsketch_dcount(anyelement);
psql:sketches_drop.sql:5: NOTICE:  aggregate madlib.fmsketch_dcount(anyelement) does not exist, skipping
DROP FUNCTION IF EXISTS madlib.__cmsketch_trans(bytea, int8) CASCADE;
psql:sketches_drop.sql:6: NOTICE:  function madlib.__cmsketch_trans(bytea,int8) does not exist, skipping
DROP FUNCTION IF EXISTS madlib.__cmsketch_final(bytea) CASCADE;
psql:sketches_drop.sql:7: NOTICE:  function madlib.__cmsketch_final(bytea) does not exist, skipping
DROP FUNCTION IF EXISTS madlib.__cmsketch_merge(bytea, bytea) CASCADE;
psql:sketches_drop.sql:8: NOTICE:  function madlib.__cmsketch_merge(bytea,bytea) does not exist, skipping
DROP AGGREGATE IF EXISTS madlib.cmsketch(int8);
psql:sketches_drop.sql:9: NOTICE:  aggregate madlib.cmsketch(int8) does not exist, skipping
DROP FUNCTION IF EXISTS madlib.cmsketch_count(bytea, int8) CASCADE;
psql:sketches_drop.sql:10: NOTICE:  function madlib.cmsketch_count(bytea,int8) does not exist, skipping
DROP FUNCTION IF EXISTS madlib.cmsketch_rangecount(bytea, int8, int8) CASCADE;
psql:sketches_drop.sql:11: NOTICE:  function madlib.cmsketch_rangecount(bytea,int8,int8) does not exist, skipping
DROP FUNCTION IF EXISTS madlib.cmsketch_centile(bytea, int4) CASCADE;
psql:sketches_drop.sql:12: NOTICE:  function madlib.cmsketch_centile(bytea,int4) does not exist, skipping
DROP FUNCTION IF EXISTS madlib.cmsketch_width_histogram(bytea, int8, int8, int4) CASCADE;
psql:sketches_drop.sql:13: NOTICE:  function madlib.cmsketch_width_histogram(bytea,int8,int8,int4) does not exist, skipping
DROP FUNCTION IF EXISTS madlib.cmsketch_depth_histogram(bytea, int4) CASCADE;
psql:sketches_drop.sql:14: NOTICE:  function madlib.cmsketch_depth_histogram(bytea,int4) does not exist, skipping
DROP FUNCTION IF EXISTS madlib.__mfvsketch_trans(bytea, anyelement, int4) CASCADE;
psql:sketches_drop.sql:15: NOTICE:  function madlib.__mfvsketch_trans(bytea,anyelement,int4) does not exist, skipping
DROP FUNCTION IF EXISTS madlib.__mfvsketch_final(bytea) CASCADE;
psql:sketches_drop.sql:16: NOTICE:  function madlib.__mfvsketch_final(bytea) does not exist, skipping
DROP AGGREGATE IF EXISTS madlib.mfvsketch_top_histogram(anyelement, int4);
psql:sketches_drop.sql:17: NOTICE:  aggregate madlib.mfvsketch_top_histogram(anyelement,int4) does not exist, skipping
\i sketches.sql
DROP FUNCTION IF EXISTS madlib.big_or(bitmap1 bytea, bitmap2 bytea) CASCADE;
psql:sketches.sql:1: NOTICE:  function madlib.big_or(bytea,bytea) does not exist, skipping
CREATE FUNCTION madlib.big_or(bitmap1 bytea, bitmap2 bytea)
RETURNS bytea
AS '$libdir/madlib/sketches'
LANGUAGE C STRICT;
DROP FUNCTION IF EXISTS madlib.__fmsketch_trans(bitmaps bytea, input anyelement) CASCADE;
psql:sketches.sql:7: NOTICE:  function madlib.__fmsketch_trans(bytea,anyelement) does not exist, skipping
CREATE FUNCTION madlib.__fmsketch_trans(bitmaps bytea, input anyelement) 
RETURNS bytea 
AS '$libdir/madlib/sketches'
LANGUAGE C STRICT;
DROP FUNCTION IF EXISTS madlib.__fmsketch_count_distinct(bitmaps bytea) CASCADE;
psql:sketches.sql:13: NOTICE:  function madlib.__fmsketch_count_distinct(bytea) does not exist, skipping
CREATE FUNCTION madlib.__fmsketch_count_distinct(bitmaps bytea) 
RETURNS int8 
AS '$libdir/madlib/sketches'
LANGUAGE C STRICT;
DROP FUNCTION IF EXISTS madlib.__fmsketch_merge(bitmaps1 bytea, bitmaps2 bytea) CASCADE;
psql:sketches.sql:19: NOTICE:  function madlib.__fmsketch_merge(bytea,bytea) does not exist, skipping
CREATE FUNCTION madlib.__fmsketch_merge(bitmaps1 bytea, bitmaps2 bytea) 
RETURNS bytea 
AS '$libdir/madlib/sketches'
LANGUAGE C STRICT;
DROP AGGREGATE IF EXISTS madlib.fmsketch_dcount(anyelement);
psql:sketches.sql:25: NOTICE:  aggregate madlib.fmsketch_dcount(anyelement) does not exist, skipping
CREATE AGGREGATE madlib.fmsketch_dcount(anyelement)
(
    sfunc = madlib.__fmsketch_trans,
    stype = bytea, 
    finalfunc = madlib.__fmsketch_count_distinct,
    
    initcond = '' 
);
DROP FUNCTION IF EXISTS madlib.__cmsketch_trans(bytea, int8) CASCADE;
psql:sketches.sql:35: NOTICE:  function madlib.__cmsketch_trans(bytea,int8) does not exist, skipping
CREATE FUNCTION madlib.__cmsketch_trans(bitmaps bytea, input int8) 
RETURNS bytea 
AS '$libdir/madlib/sketches'
LANGUAGE C STRICT;
DROP FUNCTION IF EXISTS madlib.__cmsketch_final(bytea) CASCADE;
psql:sketches.sql:41: NOTICE:  function madlib.__cmsketch_final(bytea) does not exist, skipping
CREATE FUNCTION madlib.__cmsketch_final(counters bytea) 
RETURNS bytea 
AS '$libdir/madlib/sketches'
LANGUAGE C STRICT;
DROP FUNCTION IF EXISTS madlib.__cmsketch_merge(bytea, bytea) CASCADE;
psql:sketches.sql:47: NOTICE:  function madlib.__cmsketch_merge(bytea,bytea) does not exist, skipping
CREATE FUNCTION madlib.__cmsketch_merge(bytea, bytea) 
RETURNS bytea
AS '$libdir/madlib/sketches'
LANGUAGE C STRICT;
DROP AGGREGATE IF EXISTS madlib.cmsketch(int8);
psql:sketches.sql:53: NOTICE:  aggregate madlib.cmsketch(int8) does not exist, skipping
CREATE AGGREGATE madlib.cmsketch(int8)
(
    sfunc = madlib.__cmsketch_trans,
    stype = bytea, 
    finalfunc = madlib.__cmsketch_final,
		
    initcond = ''
);
DROP FUNCTION IF EXISTS madlib.cmsketch_count(bytea, int8) CASCADE;
psql:sketches.sql:63: NOTICE:  function madlib.cmsketch_count(bytea,int8) does not exist, skipping
CREATE FUNCTION madlib.cmsketch_count(counters bytea, val int8) 
RETURNS int8 
AS '$libdir/madlib/sketches'
LANGUAGE C STRICT;
DROP FUNCTION IF EXISTS madlib.cmsketch_rangecount(bytea, int8, int8) CASCADE;
psql:sketches.sql:69: NOTICE:  function madlib.cmsketch_rangecount(bytea,int8,int8) does not exist, skipping
CREATE FUNCTION madlib.cmsketch_rangecount(bytea, int8, int8)
RETURNS int8
AS '$libdir/madlib/sketches'
LANGUAGE C STRICT;
DROP FUNCTION IF EXISTS madlib.cmsketch_centile(bytea, int4) CASCADE;
psql:sketches.sql:75: NOTICE:  function madlib.cmsketch_centile(bytea,int4) does not exist, skipping
CREATE FUNCTION madlib.cmsketch_centile(bytea, int4)
RETURNS int8
AS '$libdir/madlib/sketches'
LANGUAGE C STRICT;
DROP FUNCTION IF EXISTS madlib.cmsketch_width_histogram(bytea, int8, int8, int4) CASCADE;
psql:sketches.sql:81: NOTICE:  function madlib.cmsketch_width_histogram(bytea,int8,int8,int4) does not exist, skipping
CREATE FUNCTION madlib.cmsketch_width_histogram(bytea, int8, int8, int4)
RETURNS int8[]
AS '$libdir/madlib/sketches'
LANGUAGE C STRICT;
DROP FUNCTION IF EXISTS madlib.cmsketch_depth_histogram(bytea, int4) CASCADE;
psql:sketches.sql:87: NOTICE:  function madlib.cmsketch_depth_histogram(bytea,int4) does not exist, skipping
CREATE FUNCTION madlib.cmsketch_depth_histogram(bytea, int4)
RETURNS int8[]
AS '$libdir/madlib/sketches'
LANGUAGE C STRICT;
DROP FUNCTION IF EXISTS madlib.__mfvsketch_trans(bytea, anyelement, int4) CASCADE;
psql:sketches.sql:93: NOTICE:  function madlib.__mfvsketch_trans(bytea,anyelement,int4) does not exist, skipping
CREATE FUNCTION madlib.__mfvsketch_trans(bytea, anyelement, int4)
RETURNS bytea
AS '$libdir/madlib/sketches'
LANGUAGE C STRICT;
DROP FUNCTION IF EXISTS madlib.__mfvsketch_final(bytea) CASCADE;
psql:sketches.sql:99: NOTICE:  function madlib.__mfvsketch_final(bytea) does not exist, skipping
CREATE FUNCTION madlib.__mfvsketch_final(bytea)
RETURNS text
AS '$libdir/madlib/sketches'
LANGUAGE C STRICT;
DROP AGGREGATE IF EXISTS madlib.mfvsketch_top_histogram(anyelement, int4);
psql:sketches.sql:105: NOTICE:  aggregate madlib.mfvsketch_top_histogram(anyelement,int4) does not exist, skipping
CREATE AGGREGATE madlib.mfvsketch_top_histogram(anyelement, int4)
(
    sfunc = madlib.__mfvsketch_trans,
    stype = bytea, 
    finalfunc = madlib.__mfvsketch_final,
    initcond = ''
);
